  [4;36;1mSQL (0.1ms)[0m   [0;1mSET NAMES 'utf8'[0m
  [4;35;1mSQL (0.1ms)[0m   [0mSET SQL_AUTO_IS_NULL=0[0m
  [4;36;1mSQL (0.2ms)[0m   [0;1mSHOW TABLES[0m
  [4;35;1mSQL (125.4ms)[0m   [0mCREATE TABLE `schema_migrations` (`version` varchar(255) NOT NULL) ENGINE=InnoDB[0m
  [4;36;1mSQL (236.0ms)[0m   [0;1mCREATE UNIQUE INDEX `unique_schema_migrations` ON `schema_migrations` (`version`)[0m
  [4;35;1mSQL (0.3ms)[0m   [0mSHOW TABLES[0m
  [4;36;1mSQL (0.2ms)[0m   [0;1mSELECT version FROM schema_migrations[0m
Migrating to CreateCities (20100217063159)
  [4;35;1mSQL (96.9ms)[0m   [0mCREATE TABLE `cities` (`id` int(11) DEFAULT NULL auto_increment PRIMARY KEY, `name` varchar(255), `country_id` int(11)) ENGINE=InnoDB[0m
  [4;36;1mSQL (44.4ms)[0m   [0;1mINSERT INTO schema_migrations (version) VALUES ('20100217063159')[0m
Migrating to CreateCountries (20100217063303)
  [4;35;1mSQL (110.1ms)[0m   [0mCREATE TABLE `countries` (`id` int(11) DEFAULT NULL auto_increment PRIMARY KEY, `name` varchar(255)) ENGINE=InnoDB[0m
  [4;36;1mSQL (44.4ms)[0m   [0;1mINSERT INTO schema_migrations (version) VALUES ('20100217063303')[0m
  [4;35;1mSQL (0.3ms)[0m   [0mSHOW TABLES[0m
  [4;36;1mSQL (0.2ms)[0m   [0;1mSELECT version FROM schema_migrations[0m
  [4;35;1mSQL (0.2ms)[0m   [0mSHOW TABLES[0m
  [4;36;1mSQL (0.6ms)[0m   [0;1mSHOW FIELDS FROM `cities`[0m
  [4;35;1mSQL (0.5ms)[0m   [0mdescribe `cities`[0m
  [4;36;1mSQL (0.2ms)[0m   [0;1mSHOW KEYS FROM `cities`[0m
  [4;35;1mSQL (0.5ms)[0m   [0mSHOW FIELDS FROM `countries`[0m
  [4;36;1mSQL (0.4ms)[0m   [0;1mdescribe `countries`[0m
  [4;35;1mSQL (0.2ms)[0m   [0mSHOW KEYS FROM `countries`[0m
  [4;36;1mSQL (0.1ms)[0m   [0;1mSET NAMES 'utf8'[0m
  [4;35;1mSQL (0.1ms)[0m   [0mSET SQL_AUTO_IS_NULL=0[0m
  [4;36;1mCountry Columns (0.7ms)[0m   [0;1mSHOW FIELDS FROM `countries`[0m
  [4;35;1mSQL (0.1ms)[0m   [0mBEGIN[0m
  [4;36;1mCountry Create (0.2ms)[0m   [0;1mINSERT INTO `countries` (`name`) VALUES('USA')[0m
  [4;35;1mSQL (69.4ms)[0m   [0mCOMMIT[0m
  [4;36;1mSQL (0.1ms)[0m   [0;1mBEGIN[0m
  [4;35;1mCountry Create (0.2ms)[0m   [0mINSERT INTO `countries` (`name`) VALUES('Japan')[0m
  [4;36;1mSQL (54.2ms)[0m   [0;1mCOMMIT[0m
  [4;35;1mSQL (0.1ms)[0m   [0mBEGIN[0m
  [4;36;1mCountry Create (0.4ms)[0m   [0;1mINSERT INTO `countries` (`name`) VALUES('India')[0m
  [4;35;1mSQL (53.8ms)[0m   [0mCOMMIT[0m
  [4;36;1mCity Columns (0.7ms)[0m   [0;1mSHOW FIELDS FROM `cities`[0m
  [4;36;1mSQL (0.1ms)[0m   [0;1mSET NAMES 'utf8'[0m
  [4;35;1mSQL (0.1ms)[0m   [0mSET SQL_AUTO_IS_NULL=0[0m
  [4;36;1mCountry Columns (0.6ms)[0m   [0;1mSHOW FIELDS FROM `countries`[0m
  [4;35;1mSQL (0.1ms)[0m   [0mBEGIN[0m
  [4;36;1mCountry Create (0.2ms)[0m   [0;1mINSERT INTO `countries` (`name`) VALUES('USA')[0m
  [4;35;1mSQL (66.5ms)[0m   [0mCOMMIT[0m
  [4;36;1mSQL (0.1ms)[0m   [0;1mBEGIN[0m
  [4;35;1mCountry Create (0.2ms)[0m   [0mINSERT INTO `countries` (`name`) VALUES('Japan')[0m
  [4;36;1mSQL (55.6ms)[0m   [0;1mCOMMIT[0m
  [4;35;1mSQL (0.1ms)[0m   [0mBEGIN[0m
  [4;36;1mCountry Create (0.2ms)[0m   [0;1mINSERT INTO `countries` (`name`) VALUES('India')[0m
  [4;35;1mSQL (52.6ms)[0m   [0mCOMMIT[0m
  [4;36;1mCity Columns (0.9ms)[0m   [0;1mSHOW FIELDS FROM `cities`[0m
  [4;36;1mSQL (0.1ms)[0m   [0;1mSET NAMES 'utf8'[0m
  [4;35;1mSQL (0.1ms)[0m   [0mSET SQL_AUTO_IS_NULL=0[0m
  [4;36;1mCountry Columns (0.8ms)[0m   [0;1mSHOW FIELDS FROM `countries`[0m
  [4;35;1mSQL (0.1ms)[0m   [0mBEGIN[0m
  [4;36;1mCountry Create (0.2ms)[0m   [0;1mINSERT INTO `countries` (`name`) VALUES('USA')[0m
  [4;35;1mSQL (94.1ms)[0m   [0mCOMMIT[0m
  [4;36;1mSQL (0.1ms)[0m   [0;1mBEGIN[0m
  [4;35;1mCountry Create (0.2ms)[0m   [0mINSERT INTO `countries` (`name`) VALUES('Japan')[0m
  [4;36;1mSQL (54.1ms)[0m   [0;1mCOMMIT[0m
  [4;35;1mSQL (0.1ms)[0m   [0mBEGIN[0m
  [4;36;1mCountry Create (0.2ms)[0m   [0;1mINSERT INTO `countries` (`name`) VALUES('India')[0m
  [4;35;1mSQL (54.2ms)[0m   [0mCOMMIT[0m
  [4;36;1mCity Columns (0.9ms)[0m   [0;1mSHOW FIELDS FROM `cities`[0m
  [4;36;1mSQL (0.1ms)[0m   [0;1mSET NAMES 'utf8'[0m
  [4;35;1mSQL (0.1ms)[0m   [0mSET SQL_AUTO_IS_NULL=0[0m
  [4;36;1mCountry Columns (0.6ms)[0m   [0;1mSHOW FIELDS FROM `countries`[0m
  [4;35;1mSQL (0.2ms)[0m   [0mBEGIN[0m
  [4;36;1mCountry Create (0.2ms)[0m   [0;1mINSERT INTO `countries` (`name`) VALUES('USA')[0m
  [4;35;1mSQL (43.5ms)[0m   [0mCOMMIT[0m
  [4;36;1mSQL (0.1ms)[0m   [0;1mBEGIN[0m
  [4;35;1mCountry Create (0.3ms)[0m   [0mINSERT INTO `countries` (`name`) VALUES('Japan')[0m
  [4;36;1mSQL (43.0ms)[0m   [0;1mCOMMIT[0m
  [4;35;1mSQL (0.1ms)[0m   [0mBEGIN[0m
  [4;36;1mCountry Create (0.2ms)[0m   [0;1mINSERT INTO `countries` (`name`) VALUES('India')[0m
  [4;35;1mSQL (42.9ms)[0m   [0mCOMMIT[0m
  [4;36;1mCity Columns (0.9ms)[0m   [0;1mSHOW FIELDS FROM `cities`[0m
  [4;36;1mSQL (0.1ms)[0m   [0;1mSET NAMES 'utf8'[0m
  [4;35;1mSQL (0.1ms)[0m   [0mSET SQL_AUTO_IS_NULL=0[0m
  [4;36;1mCountry Columns (0.6ms)[0m   [0;1mSHOW FIELDS FROM `countries`[0m
  [4;35;1mSQL (0.1ms)[0m   [0mBEGIN[0m
  [4;36;1mCountry Create (0.2ms)[0m   [0;1mINSERT INTO `countries` (`name`) VALUES('USA')[0m
  [4;35;1mSQL (64.0ms)[0m   [0mCOMMIT[0m
  [4;36;1mSQL (0.1ms)[0m   [0;1mBEGIN[0m
  [4;35;1mCountry Create (0.3ms)[0m   [0mINSERT INTO `countries` (`name`) VALUES('Japan')[0m
  [4;36;1mSQL (53.9ms)[0m   [0;1mCOMMIT[0m
  [4;35;1mSQL (0.1ms)[0m   [0mBEGIN[0m
  [4;36;1mCountry Create (0.3ms)[0m   [0;1mINSERT INTO `countries` (`name`) VALUES('India')[0m
  [4;35;1mSQL (53.9ms)[0m   [0mCOMMIT[0m
  [4;36;1mSQL (0.1ms)[0m   [0;1mSET NAMES 'utf8'[0m
  [4;35;1mSQL (0.1ms)[0m   [0mSET SQL_AUTO_IS_NULL=0[0m
  [4;36;1mCountry Columns (0.6ms)[0m   [0;1mSHOW FIELDS FROM `countries`[0m
  [4;35;1mSQL (0.1ms)[0m   [0mBEGIN[0m
  [4;36;1mCountry Create (0.2ms)[0m   [0;1mINSERT INTO `countries` (`name`) VALUES('USA')[0m
  [4;35;1mSQL (81.9ms)[0m   [0mCOMMIT[0m
  [4;36;1mSQL (0.1ms)[0m   [0;1mBEGIN[0m
  [4;35;1mCountry Create (0.6ms)[0m   [0mINSERT INTO `countries` (`name`) VALUES('Japan')[0m
  [4;36;1mSQL (63.4ms)[0m   [0;1mCOMMIT[0m
  [4;35;1mSQL (0.2ms)[0m   [0mBEGIN[0m
  [4;36;1mCountry Create (0.2ms)[0m   [0;1mINSERT INTO `countries` (`name`) VALUES('India')[0m
  [4;35;1mSQL (65.2ms)[0m   [0mCOMMIT[0m
  [4;36;1mCity Columns (0.7ms)[0m   [0;1mSHOW FIELDS FROM `cities`[0m
  [4;35;1mSQL (0.1ms)[0m   [0mBEGIN[0m
  [4;36;1mCity Create (0.2ms)[0m   [0;1mINSERT INTO `cities` (`name`, `country_id`) VALUES('San Francisco', 16)[0m
  [4;35;1mSQL (55.6ms)[0m   [0mCOMMIT[0m
  [4;36;1mSQL (0.1ms)[0m   [0;1mBEGIN[0m
  [4;35;1mCity Create (0.2ms)[0m   [0mINSERT INTO `cities` (`name`, `country_id`) VALUES('New York', 16)[0m
  [4;36;1mSQL (53.9ms)[0m   [0;1mCOMMIT[0m
  [4;35;1mSQL (0.0ms)[0m   [0mBEGIN[0m
  [4;36;1mCity Create (0.3ms)[0m   [0;1mINSERT INTO `cities` (`name`, `country_id`) VALUES('Tokyo', 16)[0m
  [4;35;1mSQL (54.0ms)[0m   [0mCOMMIT[0m
  [4;36;1mSQL (0.1ms)[0m   [0;1mSET NAMES 'utf8'[0m
  [4;35;1mSQL (0.2ms)[0m   [0mSET SQL_AUTO_IS_NULL=0[0m
  [4;36;1mCountry Columns (0.6ms)[0m   [0;1mSHOW FIELDS FROM `countries`[0m
  [4;35;1mSQL (0.1ms)[0m   [0mBEGIN[0m
  [4;36;1mCountry Create (0.2ms)[0m   [0;1mINSERT INTO `countries` (`name`) VALUES('USA')[0m
  [4;35;1mSQL (64.4ms)[0m   [0mCOMMIT[0m
  [4;36;1mSQL (0.1ms)[0m   [0;1mBEGIN[0m
  [4;35;1mCountry Create (0.2ms)[0m   [0mINSERT INTO `countries` (`name`) VALUES('Japan')[0m
  [4;36;1mSQL (65.2ms)[0m   [0;1mCOMMIT[0m
  [4;35;1mSQL (0.1ms)[0m   [0mBEGIN[0m
  [4;36;1mCountry Create (0.4ms)[0m   [0;1mINSERT INTO `countries` (`name`) VALUES('India')[0m
  [4;35;1mSQL (65.2ms)[0m   [0mCOMMIT[0m
  [4;36;1mSQL (0.1ms)[0m   [0;1mSET NAMES 'utf8'[0m
  [4;35;1mSQL (0.1ms)[0m   [0mSET SQL_AUTO_IS_NULL=0[0m
  [4;36;1mCountry Columns (0.6ms)[0m   [0;1mSHOW FIELDS FROM `countries`[0m
  [4;35;1mSQL (0.1ms)[0m   [0mBEGIN[0m
  [4;36;1mCountry Create (0.3ms)[0m   [0;1mINSERT INTO `countries` (`name`) VALUES('USA')[0m
  [4;35;1mSQL (71.7ms)[0m   [0mCOMMIT[0m
  [4;36;1mSQL (0.1ms)[0m   [0;1mBEGIN[0m
  [4;35;1mCountry Create (0.2ms)[0m   [0mINSERT INTO `countries` (`name`) VALUES('Japan')[0m
  [4;36;1mSQL (42.9ms)[0m   [0;1mCOMMIT[0m
  [4;35;1mSQL (0.0ms)[0m   [0mBEGIN[0m
  [4;36;1mCountry Create (0.1ms)[0m   [0;1mINSERT INTO `countries` (`name`) VALUES('India')[0m
  [4;35;1mSQL (43.2ms)[0m   [0mCOMMIT[0m
  [4;36;1mCity Columns (0.9ms)[0m   [0;1mSHOW FIELDS FROM `cities`[0m
  [4;35;1mSQL (0.1ms)[0m   [0mBEGIN[0m
  [4;36;1mCity Create (0.2ms)[0m   [0;1mINSERT INTO `cities` (`name`, `country_id`) VALUES('San Francisco', 22)[0m
  [4;35;1mSQL (200.5ms)[0m   [0mCOMMIT[0m
  [4;36;1mSQL (0.1ms)[0m   [0;1mBEGIN[0m
  [4;35;1mCity Create (0.2ms)[0m   [0mINSERT INTO `cities` (`name`, `country_id`) VALUES('New York', 22)[0m
  [4;36;1mSQL (42.0ms)[0m   [0;1mCOMMIT[0m
  [4;35;1mSQL (0.0ms)[0m   [0mBEGIN[0m
  [4;36;1mCity Create (0.2ms)[0m   [0;1mINSERT INTO `cities` (`name`, `country_id`) VALUES('Tokyo', 22)[0m
  [4;35;1mSQL (55.0ms)[0m   [0mCOMMIT[0m
  [4;36;1mSQL (0.1ms)[0m   [0;1mSET NAMES 'utf8'[0m
  [4;35;1mSQL (0.1ms)[0m   [0mSET SQL_AUTO_IS_NULL=0[0m
  [4;36;1mCountry Columns (0.6ms)[0m   [0;1mSHOW FIELDS FROM `countries`[0m
  [4;35;1mSQL (0.1ms)[0m   [0mBEGIN[0m
  [4;36;1mCountry Create (0.2ms)[0m   [0;1mINSERT INTO `countries` (`name`) VALUES('USA')[0m
  [4;35;1mSQL (47.9ms)[0m   [0mCOMMIT[0m
  [4;36;1mSQL (0.1ms)[0m   [0;1mBEGIN[0m
  [4;35;1mCountry Create (0.2ms)[0m   [0mINSERT INTO `countries` (`name`) VALUES('Japan')[0m
  [4;36;1mSQL (42.9ms)[0m   [0;1mCOMMIT[0m
  [4;35;1mSQL (0.1ms)[0m   [0mBEGIN[0m
  [4;36;1mCountry Create (0.3ms)[0m   [0;1mINSERT INTO `countries` (`name`) VALUES('India')[0m
  [4;35;1mSQL (54.0ms)[0m   [0mCOMMIT[0m
  [4;36;1mCity Columns (1.1ms)[0m   [0;1mSHOW FIELDS FROM `cities`[0m
  [4;35;1mSQL (0.8ms)[0m   [0mBEGIN[0m
  [4;36;1mCity Create (0.2ms)[0m   [0;1mINSERT INTO `cities` (`name`, `country_id`) VALUES('San Francisco', 25)[0m
  [4;35;1mSQL (42.2ms)[0m   [0mCOMMIT[0m
  [4;36;1mSQL (0.7ms)[0m   [0;1mBEGIN[0m
  [4;35;1mCity Create (0.2ms)[0m   [0mINSERT INTO `cities` (`name`, `country_id`) VALUES('New York', 25)[0m
  [4;36;1mSQL (42.0ms)[0m   [0;1mCOMMIT[0m
  [4;35;1mSQL (0.1ms)[0m   [0mBEGIN[0m
  [4;36;1mCity Create (0.2ms)[0m   [0;1mINSERT INTO `cities` (`name`, `country_id`) VALUES('Tokyo', 25)[0m
  [4;35;1mSQL (54.0ms)[0m   [0mCOMMIT[0m
  [4;36;1mSQL (0.1ms)[0m   [0;1mSET NAMES 'utf8'[0m
  [4;35;1mSQL (0.1ms)[0m   [0mSET SQL_AUTO_IS_NULL=0[0m
  [4;36;1mCountry Columns (0.6ms)[0m   [0;1mSHOW FIELDS FROM `countries`[0m
  [4;35;1mSQL (0.2ms)[0m   [0mBEGIN[0m
  [4;36;1mCountry Create (0.3ms)[0m   [0;1mINSERT INTO `countries` (`name`) VALUES('USA')[0m
  [4;35;1mSQL (60.5ms)[0m   [0mCOMMIT[0m
  [4;36;1mSQL (0.1ms)[0m   [0;1mBEGIN[0m
  [4;35;1mCountry Create (0.2ms)[0m   [0mINSERT INTO `countries` (`name`) VALUES('Japan')[0m
  [4;36;1mSQL (43.0ms)[0m   [0;1mCOMMIT[0m
  [4;35;1mSQL (0.1ms)[0m   [0mBEGIN[0m
  [4;36;1mCountry Create (0.2ms)[0m   [0;1mINSERT INTO `countries` (`name`) VALUES('India')[0m
  [4;35;1mSQL (65.2ms)[0m   [0mCOMMIT[0m
  [4;36;1mSQL (0.1ms)[0m   [0;1mSET NAMES 'utf8'[0m
  [4;35;1mSQL (0.1ms)[0m   [0mSET SQL_AUTO_IS_NULL=0[0m


Processing QueryController#index (for 127.0.0.1 at 2010-02-16 23:17:34) [GET]
  [4;36;1mCity Load (0.5ms)[0m   [0;1mSELECT * FROM `cities` [0m
  [4;35;1mCountry Load (0.3ms)[0m   [0mSELECT * FROM `countries` [0m
Rendering query/index
Completed in 49ms (View: 30, DB: 1) | 200 OK [http://0.0.0.0/]
  [4;36;1mSQL (0.1ms)[0m   [0;1mSET NAMES 'utf8'[0m
  [4;35;1mSQL (0.1ms)[0m   [0mSET SQL_AUTO_IS_NULL=0[0m


Processing QueryController#index (for 127.0.0.1 at 2010-02-16 23:29:13) [GET]
  [4;36;1mCity Load (0.2ms)[0m   [0;1mSELECT * FROM `cities` [0m
  [4;35;1mCountry Load (0.1ms)[0m   [0mSELECT * FROM `countries` [0m
Rendering query/index
  [4;36;1mCity Columns (1.1ms)[0m   [0;1mSHOW FIELDS FROM `cities`[0m
  [4;35;1mCountry Columns (0.7ms)[0m   [0mSHOW FIELDS FROM `countries`[0m
  [4;36;1mCountry Load (25.0ms)[0m   [0;1mSELECT * FROM `countries` WHERE (`countries`.`id` = 22) [0m
  [4;35;1mCACHE (0.0ms)[0m   [0mSELECT * FROM `countries` WHERE (`countries`.`id` = 22) [0m
  [4;36;1mCACHE (0.0ms)[0m   [0;1mSELECT * FROM `countries` WHERE (`countries`.`id` = 22) [0m
  [4;35;1mCountry Load (0.5ms)[0m   [0mSELECT * FROM `countries` WHERE (`countries`.`id` = 25) [0m
  [4;36;1mCACHE (0.0ms)[0m   [0;1mSELECT * FROM `countries` WHERE (`countries`.`id` = 25) [0m
  [4;35;1mCACHE (0.0ms)[0m   [0mSELECT * FROM `countries` WHERE (`countries`.`id` = 25) [0m
Completed in 150ms (View: 26, DB: 28) | 200 OK [http://0.0.0.0/]
  [4;36;1mSQL (0.1ms)[0m   [0;1mSET NAMES 'utf8'[0m
  [4;35;1mSQL (0.1ms)[0m   [0mSET SQL_AUTO_IS_NULL=0[0m


Processing QueryController#index (for 127.0.0.1 at 2010-02-16 23:30:12) [GET]
  [4;36;1mCity Load (0.1ms)[0m   [0;1mSELECT * FROM `cities` [0m
  [4;35;1mCountry Load (0.1ms)[0m   [0mSELECT * FROM `countries` [0m
Rendering query/index
  [4;36;1mCity Columns (0.8ms)[0m   [0;1mSHOW FIELDS FROM `cities`[0m
  [4;35;1mCountry Columns (0.6ms)[0m   [0mSHOW FIELDS FROM `countries`[0m
  [4;36;1mCountry Load (0.1ms)[0m   [0;1mSELECT * FROM `countries` WHERE (`countries`.`id` = 22) [0m
  [4;35;1mCACHE (0.0ms)[0m   [0mSELECT * FROM `countries` WHERE (`countries`.`id` = 22) [0m
  [4;36;1mCACHE (0.0ms)[0m   [0;1mSELECT * FROM `countries` WHERE (`countries`.`id` = 22) [0m
  [4;35;1mCountry Load (0.1ms)[0m   [0mSELECT * FROM `countries` WHERE (`countries`.`id` = 25) [0m
  [4;36;1mCACHE (0.0ms)[0m   [0;1mSELECT * FROM `countries` WHERE (`countries`.`id` = 25) [0m
  [4;35;1mCACHE (0.0ms)[0m   [0mSELECT * FROM `countries` WHERE (`countries`.`id` = 25) [0m
Completed in 22ms (View: 11, DB: 2) | 200 OK [http://0.0.0.0/]
